Arguments: 
  C:\Program Files\nodejs\node.exe C:\Users\corel\AppData\Roaming\npm\node_modules\yarn\bin\yarn.js set version from sources

PATH: 
  C:\Program Files\Common Files\Oracle\Java\javapath;C:\Python38\Scripts\;C:\Python38\;C:\Program Files (x86)\Common Files\Oracle\Java\javapath;C:\Program Files (x86)\NVIDIA Corporation\PhysX\Common;C:\ProgramData\Oracle\Java\javapath;C:\Program Files (x86)\Intel\iCLS Client\;C:\Program Files\Intel\iCLS Client\;C:\WINDOWS\system32;C:\WINDOWS;C:\WINDOWS\System32\Wbem;C:\WINDOWS\System32\WindowsPowerShell\v1.0\;C:\Program Files (x86)\Intel\Intel(R) Management Engine Components\DAL;C:\Program Files\Intel\Intel(R) Management Engine Components\DAL;C:\Program Files (x86)\Intel\Intel(R) Management Engine Components\IPT;C:\Program Files\Intel\Intel(R) Management Engine Components\IPT;c:\Program Files (x86)\ATI Technologies\ATI.ACE\Core-Static;C:\Program Files\MATLAB\R2017a\bin;c:\Program Files (x86)\Microsoft SQL Server\100\Tools\Binn\;c:\Program Files\Microsoft SQL Server\100\Tools\Binn\;c:\Program Files\Microsoft SQL Server\100\DTS\Binn\;C:\Program Files\Microsoft SQL Server\Client SDK\ODBC\110\Tools\Binn\;C:\Program Files (x86)\Microsoft SQL Server\120\Tools\Binn\;C:\Program Files\Microsoft SQL Server\120\Tools\Binn\;C:\Program Files\Microsoft SQL Server\120\DTS\Binn\;C:\Program Files (x86)\Windows Kits\8.1\Windows Performance Toolkit\;C:\Program Files (x86)\IVI Foundation\VISA\WinNT\Bin\;C:\Program Files\IVI Foundation\VISA\Win64\Bin\;C:\Program Files (x86)\IVI Foundation\VISA\WinNT\Bin;C:\Program Files\MATLAB\R2015aSP1\bin;C:\WINDOWS\System32\OpenSSH\;C:\Program Files\Intel\WiFi\bin\;C:\Program Files\Common Files\Intel\WirelessCommon\;C:\Program Files\nodejs\;C:\ProgramData\chocolatey\bin;C:\ProgramData\ComposerSetup\bin;C:\PHP\TS;C:\Program Files\Git\cmd;c:\Program Files (x86)\Vector CANdb++ 3.1\Exec32;C:\Users\corel\AppData\Local\Programs\Python\Python38-32\Scripts\;C:\Users\corel\AppData\Local\Programs\Python\Python38-32\;C:\Program Files (x86)\Microchip\mplabc18\v3.47\mpasm;C:\Program Files (x86)\Microchip\mplabc18\v3.47\bin;C:\Program Files (x86)\Atmel\sam-ba_2.16\drv\;C:\Program Files (x86)\Atmel\sam-ba_2.16;C:\Users\corel\AppData\Local\Microsoft\WindowsApps;C:\Users\corel\OneDrive\Corélio\Cursos\PHP\php-7.4.3-nts-Win32-vc15-x64;C:\Users\corel\AppData\Roaming\npm;C:\Users\corel\AppData\Local\GitHubDesktop\bin;C:\Users\corel\AppData\Roaming\Composer\vendor\bin;C:\Flutter\flutter\bin;C:\Users\corel\AppData\Local\Programs\Microsoft VS Code\bin;C:\Program Files\Java\jdk-16.0.1\bin;;C:\Program Files\JetBrains\IntelliJ IDEA Community Edition 2021.1.2\bin;

Yarn version: 
  1.22.11

Node version: 
  12.18.4

Platform: 
  win32 x64

Trace: 
  Error: Release not found: from
      at C:\Users\corel\AppData\Roaming\npm\node_modules\yarn\lib\cli.js:90309:17
      at Generator.next (<anonymous>)
      at step (C:\Users\corel\AppData\Roaming\npm\node_modules\yarn\lib\cli.js:310:30)
      at C:\Users\corel\AppData\Roaming\npm\node_modules\yarn\lib\cli.js:321:13
      at processTicksAndRejections (internal/process/task_queues.js:97:5)

npm manifest: 
  No manifest

yarn manifest: 
  No manifest

Lockfile: 
  No lockfile
